<?xml version="1.0" encoding="UTF-8" ?>
<testsuite errors="0" failures="0" hostname="Jerrads-MacBook-Pro.local" name="NumericBinaryTreeTest" skipped="0" tests="33" time="0.118" timestamp="2016-08-30T04:42:17">
  <properties>
[...]
</properties>
  <testcase classname="NumericBinaryTreeTest" name="equalsNullTest" time="0.002" />
  <testcase classname="NumericBinaryTreeTest" name="emptyTreeTest" time="0.0" />
  <testcase classname="NumericBinaryTreeTest" name="emptyTreeSetLeftChildException" time="0.001" />
  <testcase classname="NumericBinaryTreeTest" name="postorderValuesTest" time="0.001" />
  <testcase classname="NumericBinaryTreeTest" name="serializationDefaultEmptyTest" time="0.033" />
  <testcase classname="NumericBinaryTreeTest" name="equalsMTTest" time="0.0" />
  <testcase classname="NumericBinaryTreeTest" name="mutationTest" time="0.001" />
  <testcase classname="NumericBinaryTreeTest" name="multiNodeConstructionTest" time="0.0" />
  <testcase classname="NumericBinaryTreeTest" name="emptyTreeGetRightChildException" time="0.001" />
  <testcase classname="NumericBinaryTreeTest" name="serializationDefaultNonemptyTest" time="0.004" />
  <testcase classname="NumericBinaryTreeTest" name="preorderValuesTest" time="0.0" />
  <testcase classname="NumericBinaryTreeTest" name="oneNodeSecondaryTest" time="0.0" />
  <testcase classname="NumericBinaryTreeTest" name="equalsOtherClassTest" time="0.0" />
  <testcase classname="NumericBinaryTreeTest" name="inorderValuesTest" time="0.0" />
  <testcase classname="NumericBinaryTreeTest" name="emptyTreeSetValueException" time="0.0" />
  <testcase classname="NumericBinaryTreeTest" name="emptyTreeSetRightChildException" time="0.0" />
  <testcase classname="NumericBinaryTreeTest" name="emptyTreeGetLeftChildException" time="0.0" />
  <testcase classname="NumericBinaryTreeTest" name="iteratorTest" time="0.001" />
  <testcase classname="NumericBinaryTreeTest" name="illegalValueConstructorException" time="0.0" />
  <testcase classname="NumericBinaryTreeTest" name="serializationNonemptyTest" time="0.003" />
  <testcase classname="NumericBinaryTreeTest" name="serializationEmptyTest" time="0.0" />
  <testcase classname="NumericBinaryTreeTest" name="emptyTreeNumberOfLeavesException" time="0.0" />
  <testcase classname="NumericBinaryTreeTest" name="emptyTreeGetValueException" time="0.0" />
  <testcase classname="NumericBinaryTreeTest" name="treeToString" time="0.001" />
  <testcase classname="NumericBinaryTreeTest" name="postorderNodesTest" time="0.001" />
  <testcase classname="NumericBinaryTreeTest" name="oneNodeTest" time="0.0" />
  <testcase classname="NumericBinaryTreeTest" name="hashCodeTest" time="0.0" />
  <testcase classname="NumericBinaryTreeTest" name="equalsStandardTest" time="0.0" />
  <testcase classname="NumericBinaryTreeTest" name="inorderNodesTest" time="0.001" />
  <testcase classname="NumericBinaryTreeTest" name="emptyTreeIsLeafException" time="0.0" />
  <testcase classname="NumericBinaryTreeTest" name="equalsRootOnlyTest" time="0.0" />
  <testcase classname="NumericBinaryTreeTest" name="preorderNodesTest" time="0.0" />
  <testcase classname="NumericBinaryTreeTest" name="valuesTest" time="0.001" />
  <system-out><![CDATA[]]></system-out>
  <system-err><![CDATA[]]></system-err>
</testsuite>
